<?xml version="1.0" encoding="UTF-8"?>
<!-- Generated by org.testng.reporters.JUnitXMLReporter -->
<testsuite hostname="DESKTOP-OUBE3OH" failures="0" tests="3" name="Test" time="181.539" errors="0" timestamp="6 Jan 2024 09:03:36 GMT">
  <testcase classname="org.testing.TestScripts.Final_TC1" name="Trending_Click" time="3.699"/>
  <testcase classname="org.testing.TestScripts.Final_TC2" name="Click_History" time="2.299"/>
  <testcase classname="org.testing.TestScripts.Final_TC3" name="Click_Subscription" time="2.567"/>
</testsuite> <!-- Test -->
