<?xml version="1.0" encoding="UTF-8"?>
<!-- Generated by org.testng.reporters.JUnitXMLReporter -->
<testsuite hostname="DESKTOP-OUBE3OH" failures="0" tests="3" name="Command line test 34d93250-ee7c-49a3-b929-5abbc1a4cfef" time="193.154" errors="0" timestamp="6 Jan 2024 06:55:07 GMT">
  <testcase classname="org.testing.TestScripts.Final_TC1" name="Trending_Click" time="3.55"/>
  <testcase classname="org.testing.TestScripts.Final_TC2" name="Click_History" time="2.999"/>
  <testcase classname="org.testing.TestScripts.Final_TC3" name="Click_Subscription" time="2.236"/>
</testsuite> <!-- Command line test 34d93250-ee7c-49a3-b929-5abbc1a4cfef -->
