<?xml version="1.0" encoding="UTF-8"?>
<testng-results total="3" passed="3" failed="0" skipped="0">
  <reporter-output>
  </reporter-output>
  <suite started-at="2024-01-06T09:00:35Z" name="Suite" finished-at="2024-01-06T09:03:36Z" duration-ms="181539">
    <groups>
    </groups>
    <test started-at="2024-01-06T09:00:35Z" name="Test" finished-at="2024-01-06T09:03:36Z" duration-ms="181539">
      <class name="org.testing.TestScripts.Final_TC1">
        <test-method is-config="true" signature="browser_launch()[pri:0, instance:org.testing.TestScripts.Final_TC1@624ea235]" started-at="2024-01-06T01:00:35Z" name="browser_launch" finished-at="2024-01-06T01:00:46Z" duration-ms="10688" status="PASS">
          <reporter-output>
          </reporter-output>
        </test-method> <!-- browser_launch -->
        <test-method is-config="true" signature="TestCase_TC1_Login()[pri:0, instance:org.testing.TestScripts.Final_TC1@624ea235]" started-at="2024-01-06T01:00:46Z" name="TestCase_TC1_Login" finished-at="2024-01-06T01:01:26Z" duration-ms="39893" status="PASS">
          <reporter-output>
          </reporter-output>
        </test-method> <!-- TestCase_TC1_Login -->
        <test-method signature="Trending_Click()[pri:1, instance:org.testing.TestScripts.Final_TC1@624ea235]" started-at="2024-01-06T01:01:26Z" name="Trending_Click" finished-at="2024-01-06T01:01:29Z" duration-ms="3699" status="PASS">
          <reporter-output>
          </reporter-output>
        </test-method> <!-- Trending_Click -->
        <test-method is-config="true" signature="TestCase_TC1_Logout()[pri:0, instance:org.testing.TestScripts.Final_TC1@624ea235]" started-at="2024-01-06T01:01:29Z" name="TestCase_TC1_Logout" finished-at="2024-01-06T01:01:40Z" duration-ms="10906" status="PASS">
          <reporter-output>
          </reporter-output>
        </test-method> <!-- TestCase_TC1_Logout -->
        <test-method is-config="true" signature="browser_close()[pri:0, instance:org.testing.TestScripts.Final_TC1@624ea235]" started-at="2024-01-06T01:01:40Z" name="browser_close" finished-at="2024-01-06T01:01:41Z" duration-ms="399" status="PASS">
          <reporter-output>
          </reporter-output>
        </test-method> <!-- browser_close -->
      </class> <!-- org.testing.TestScripts.Final_TC1 -->
      <class name="org.testing.TestScripts.Final_TC2">
        <test-method is-config="true" signature="browser_launch()[pri:0, instance:org.testing.TestScripts.Final_TC2@16150369]" started-at="2024-01-06T01:01:41Z" name="browser_launch" finished-at="2024-01-06T01:01:50Z" duration-ms="9510" status="PASS">
          <reporter-output>
          </reporter-output>
        </test-method> <!-- browser_launch -->
        <test-method is-config="true" signature="TestCase_TC1_Login()[pri:0, instance:org.testing.TestScripts.Final_TC2@16150369]" started-at="2024-01-06T01:01:50Z" name="TestCase_TC1_Login" finished-at="2024-01-06T01:02:28Z" duration-ms="38174" status="PASS">
          <reporter-output>
          </reporter-output>
        </test-method> <!-- TestCase_TC1_Login -->
        <test-method signature="Click_History()[pri:2, instance:org.testing.TestScripts.Final_TC2@16150369]" started-at="2024-01-06T01:02:28Z" name="Click_History" finished-at="2024-01-06T01:02:31Z" duration-ms="2299" status="PASS">
          <reporter-output>
          </reporter-output>
        </test-method> <!-- Click_History -->
        <test-method is-config="true" signature="TestCase_TC1_Logout()[pri:0, instance:org.testing.TestScripts.Final_TC2@16150369]" started-at="2024-01-06T01:02:31Z" name="TestCase_TC1_Logout" finished-at="2024-01-06T01:02:38Z" duration-ms="7325" status="PASS">
          <reporter-output>
          </reporter-output>
        </test-method> <!-- TestCase_TC1_Logout -->
        <test-method is-config="true" signature="browser_close()[pri:0, instance:org.testing.TestScripts.Final_TC2@16150369]" started-at="2024-01-06T01:02:38Z" name="browser_close" finished-at="2024-01-06T01:02:38Z" duration-ms="517" status="PASS">
          <reporter-output>
          </reporter-output>
        </test-method> <!-- browser_close -->
      </class> <!-- org.testing.TestScripts.Final_TC2 -->
      <class name="org.testing.TestScripts.Final_TC3">
        <test-method is-config="true" signature="browser_launch()[pri:0, instance:org.testing.TestScripts.Final_TC3@6b09fb41]" started-at="2024-01-06T01:02:38Z" name="browser_launch" finished-at="2024-01-06T01:02:46Z" duration-ms="8020" status="PASS">
          <reporter-output>
          </reporter-output>
        </test-method> <!-- browser_launch -->
        <test-method is-config="true" signature="TestCase_TC1_Login()[pri:0, instance:org.testing.TestScripts.Final_TC3@6b09fb41]" started-at="2024-01-06T01:02:46Z" name="TestCase_TC1_Login" finished-at="2024-01-06T01:03:25Z" duration-ms="38596" status="PASS">
          <reporter-output>
          </reporter-output>
        </test-method> <!-- TestCase_TC1_Login -->
        <test-method signature="Click_Subscription()[pri:3, instance:org.testing.TestScripts.Final_TC3@6b09fb41]" started-at="2024-01-06T01:03:25Z" name="Click_Subscription" finished-at="2024-01-06T01:03:28Z" duration-ms="2567" status="PASS">
          <reporter-output>
          </reporter-output>
        </test-method> <!-- Click_Subscription -->
        <test-method is-config="true" signature="TestCase_TC1_Logout()[pri:0, instance:org.testing.TestScripts.Final_TC3@6b09fb41]" started-at="2024-01-06T01:03:28Z" name="TestCase_TC1_Logout" finished-at="2024-01-06T01:03:36Z" duration-ms="8602" status="PASS">
          <reporter-output>
          </reporter-output>
        </test-method> <!-- TestCase_TC1_Logout -->
        <test-method is-config="true" signature="browser_close()[pri:0, instance:org.testing.TestScripts.Final_TC3@6b09fb41]" started-at="2024-01-06T01:03:36Z" name="browser_close" finished-at="2024-01-06T01:03:36Z" duration-ms="303" status="PASS">
          <reporter-output>
          </reporter-output>
        </test-method> <!-- browser_close -->
      </class> <!-- org.testing.TestScripts.Final_TC3 -->
    </test> <!-- Test -->
  </suite> <!-- Suite -->
</testng-results>
