<?xml version="1.0" encoding="UTF-8"?>
<testng-results total="3" passed="3" failed="0" skipped="0">
  <reporter-output>
  </reporter-output>
  <suite started-at="2024-01-06T06:51:54Z" name="Suite1" finished-at="2024-01-06T06:55:07Z" duration-ms="193154">
    <groups>
    </groups>
    <test started-at="2024-01-06T06:51:54Z" name="Command line test 34d93250-ee7c-49a3-b929-5abbc1a4cfef" finished-at="2024-01-06T06:55:07Z" duration-ms="193154">
      <class name="org.testing.TestScripts.Final_TC1">
        <test-method is-config="true" signature="browser_launch()[pri:0, instance:org.testing.TestScripts.Final_TC1@4cf4d528]" started-at="2024-01-05T22:51:54Z" name="browser_launch" finished-at="2024-01-05T22:52:07Z" duration-ms="12680" status="PASS">
          <reporter-output>
          </reporter-output>
        </test-method> <!-- browser_launch -->
        <test-method is-config="true" signature="TestCase_TC1_Login()[pri:0, instance:org.testing.TestScripts.Final_TC1@4cf4d528]" started-at="2024-01-05T22:52:07Z" name="TestCase_TC1_Login" finished-at="2024-01-05T22:52:48Z" duration-ms="41790" status="PASS">
          <reporter-output>
          </reporter-output>
        </test-method> <!-- TestCase_TC1_Login -->
        <test-method signature="Trending_Click()[pri:1, instance:org.testing.TestScripts.Final_TC1@4cf4d528]" started-at="2024-01-05T22:52:48Z" name="Trending_Click" finished-at="2024-01-05T22:52:52Z" duration-ms="3550" status="PASS">
          <reporter-output>
          </reporter-output>
        </test-method> <!-- Trending_Click -->
        <test-method is-config="true" signature="TestCase_TC1_Logout()[pri:0, instance:org.testing.TestScripts.Final_TC1@4cf4d528]" started-at="2024-01-05T22:52:52Z" name="TestCase_TC1_Logout" finished-at="2024-01-05T22:53:05Z" duration-ms="12548" status="PASS">
          <reporter-output>
          </reporter-output>
        </test-method> <!-- TestCase_TC1_Logout -->
        <test-method is-config="true" signature="browser_close()[pri:0, instance:org.testing.TestScripts.Final_TC1@4cf4d528]" started-at="2024-01-05T22:53:05Z" name="browser_close" finished-at="2024-01-05T22:53:05Z" duration-ms="668" status="PASS">
          <reporter-output>
          </reporter-output>
        </test-method> <!-- browser_close -->
      </class> <!-- org.testing.TestScripts.Final_TC1 -->
      <class name="org.testing.TestScripts.Final_TC2">
        <test-method is-config="true" signature="browser_launch()[pri:0, instance:org.testing.TestScripts.Final_TC2@77846d2c]" started-at="2024-01-05T22:53:05Z" name="browser_launch" finished-at="2024-01-05T22:53:16Z" duration-ms="11190" status="PASS">
          <reporter-output>
          </reporter-output>
        </test-method> <!-- browser_launch -->
        <test-method is-config="true" signature="TestCase_TC1_Login()[pri:0, instance:org.testing.TestScripts.Final_TC2@77846d2c]" started-at="2024-01-05T22:53:16Z" name="TestCase_TC1_Login" finished-at="2024-01-05T22:53:55Z" duration-ms="38399" status="PASS">
          <reporter-output>
          </reporter-output>
        </test-method> <!-- TestCase_TC1_Login -->
        <test-method signature="Click_History()[pri:2, instance:org.testing.TestScripts.Final_TC2@77846d2c]" started-at="2024-01-05T22:53:55Z" name="Click_History" finished-at="2024-01-05T22:53:58Z" duration-ms="2999" status="PASS">
          <reporter-output>
          </reporter-output>
        </test-method> <!-- Click_History -->
        <test-method is-config="true" signature="TestCase_TC1_Logout()[pri:0, instance:org.testing.TestScripts.Final_TC2@77846d2c]" started-at="2024-01-05T22:53:58Z" name="TestCase_TC1_Logout" finished-at="2024-01-05T22:54:06Z" duration-ms="8032" status="PASS">
          <reporter-output>
          </reporter-output>
        </test-method> <!-- TestCase_TC1_Logout -->
        <test-method is-config="true" signature="browser_close()[pri:0, instance:org.testing.TestScripts.Final_TC2@77846d2c]" started-at="2024-01-05T22:54:06Z" name="browser_close" finished-at="2024-01-05T22:54:06Z" duration-ms="528" status="PASS">
          <reporter-output>
          </reporter-output>
        </test-method> <!-- browser_close -->
      </class> <!-- org.testing.TestScripts.Final_TC2 -->
      <class name="org.testing.TestScripts.Final_TC3">
        <test-method is-config="true" signature="browser_launch()[pri:0, instance:org.testing.TestScripts.Final_TC3@548ad73b]" started-at="2024-01-05T22:54:06Z" name="browser_launch" finished-at="2024-01-05T22:54:18Z" duration-ms="11393" status="PASS">
          <reporter-output>
          </reporter-output>
        </test-method> <!-- browser_launch -->
        <test-method is-config="true" signature="TestCase_TC1_Login()[pri:0, instance:org.testing.TestScripts.Final_TC3@548ad73b]" started-at="2024-01-05T22:54:18Z" name="TestCase_TC1_Login" finished-at="2024-01-05T22:54:56Z" duration-ms="38086" status="PASS">
          <reporter-output>
          </reporter-output>
        </test-method> <!-- TestCase_TC1_Login -->
        <test-method signature="Click_Subscription()[pri:3, instance:org.testing.TestScripts.Final_TC3@548ad73b]" started-at="2024-01-05T22:54:56Z" name="Click_Subscription" finished-at="2024-01-05T22:54:58Z" duration-ms="2236" status="PASS">
          <reporter-output>
          </reporter-output>
        </test-method> <!-- Click_Subscription -->
        <test-method is-config="true" signature="TestCase_TC1_Logout()[pri:0, instance:org.testing.TestScripts.Final_TC3@548ad73b]" started-at="2024-01-05T22:54:58Z" name="TestCase_TC1_Logout" finished-at="2024-01-05T22:55:07Z" duration-ms="8712" status="PASS">
          <reporter-output>
          </reporter-output>
        </test-method> <!-- TestCase_TC1_Logout -->
        <test-method is-config="true" signature="browser_close()[pri:0, instance:org.testing.TestScripts.Final_TC3@548ad73b]" started-at="2024-01-05T22:55:07Z" name="browser_close" finished-at="2024-01-05T22:55:07Z" duration-ms="321" status="PASS">
          <reporter-output>
          </reporter-output>
        </test-method> <!-- browser_close -->
      </class> <!-- org.testing.TestScripts.Final_TC3 -->
    </test> <!-- Command line test 34d93250-ee7c-49a3-b929-5abbc1a4cfef -->
  </suite> <!-- Suite1 -->
</testng-results>
